<?xml version="1.0" encoding="UTF-8"?>
<testsuite xmlns:xsi="http://www.w3.org/2001/XMLSchema-instance" xsi:noNamespaceSchemaLocation="https://maven.apache.org/surefire/maven-surefire-plugin/xsd/surefire-test-report.xsd" name="ru.netology.manager.ProductManagerTest" time="1.293" tests="13" errors="0" skipped="0" failures="0">
  <properties>
[...]
</properties>
  <testcase name="shouldMatchesTrue" classname="ru.netology.manager.ProductManagerTest" time="0.002"/>
  <testcase name="shouldRemoveIdFromRepositoryWithOneProduct" classname="ru.netology.manager.ProductManagerTest" time="0.001"/>
  <testcase name="shouldSearchByTitleMockWithAllProductFoundMoreResult" classname="ru.netology.manager.ProductManagerTest" time="0.037"/>
  <testcase name="shouldSearchByTitleMockWithOneProductUnFound" classname="ru.netology.manager.ProductManagerTest" time="0"/>
  <testcase name="shouldRemoveIdFromRepositoryWithTenProduct" classname="ru.netology.manager.ProductManagerTest" time="0.001"/>
  <testcase name="shouldSearchByTitleMockWithOneProductFound" classname="ru.netology.manager.ProductManagerTest" time="0.002"/>
  <testcase name="shouldSearchByTitleMockWithAllProductFoundOneResult" classname="ru.netology.manager.ProductManagerTest" time="0.003"/>
  <testcase name="shouldMatchesFalse" classname="ru.netology.manager.ProductManagerTest" time="0.002"/>
  <testcase name="shouldSearchByTitleMockWithAllProductUnFound" classname="ru.netology.manager.ProductManagerTest" time="0.001"/>
  <testcase name="shouldSearchByTitleEmptyMock" classname="ru.netology.manager.ProductManagerTest" time="0.001"/>
  <testcase name="shouldAddRepositoryWithOneProduct" classname="ru.netology.manager.ProductManagerTest" time="0.001"/>
  <testcase name="shouldAddRepositoryEmpty" classname="ru.netology.manager.ProductManagerTest" time="0.001"/>
  <testcase name="shouldAddRepositoryWithTenProduct" classname="ru.netology.manager.ProductManagerTest" time="0.001"/>
</testsuite>